[0m04:15:36.324334 [debug] [MainThread]: Sending event: {'category': 'dbt', 'action': 'invocation', 'label': 'start', 'context': [<snowplow_tracker.self_describing_json.SelfDescribingJson object at 0x7edbda352f30>, <snowplow_tracker.self_describing_json.SelfDescribingJson object at 0x7edbd9f2ad80>, <snowplow_tracker.self_describing_json.SelfDescribingJson object at 0x7edbda353d40>]}


============================== 04:15:36.331387 | 0828dd18-a5c1-43d8-a0a2-c1f72ab6e9d5 ==============================
[0m04:15:36.331387 [info ] [MainThread]: Running with dbt=1.11.11
[0m04:15:36.332006 [debug] [MainThread]: running dbt with arguments {'profiles_dir': '/usr/app', 'introspect': 'True', 'log_cache_events': 'False', 'partial_parse': 'True', 'empty': 'None', 'warn_error_options': 'WarnErrorOptionsV2(error=[], warn=[], silence=[])', 'warn_error': 'None', 'indirect_selection': 'eager', 'log_format': 'default', 'version_check': 'True', 'use_experimental_parser': 'False', 'static_parser': 'True', 'fail_fast': 'False', 'printer_width': '80', 'invocation_command': 'dbt init', 'cache_selected_only': 'False', 'target_path': 'None', 'use_colors': 'True', 'quiet': 'False', 'no_print': 'None', 'send_anonymous_usage_stats': 'True', 'write_json': 'True', 'debug': 'False', 'log_path': 'logs'}
[0m04:15:58.472585 [debug] [MainThread]: Starter project path: /usr/local/lib/python3.12/site-packages/dbt/include/starter_project
[0m04:15:58.607930 [info ] [MainThread]: 
Your new dbt project "wowwa" was created!

For more information on how to configure the profiles.yml file,
please consult the dbt documentation here:

  https://docs.getdbt.com/docs/configure-your-profile

One more thing:

Need help? Don't hesitate to reach out to us via GitHub issues or on Slack:

  https://community.getdbt.com/

Happy modeling!

[0m04:15:58.608681 [info ] [MainThread]: Setting up your profile.
[0m04:16:41.209443 [info ] [MainThread]: Profile wowwa written to /usr/app/profiles.yml using target's profile_template.yml and your supplied values. Run 'dbt debug' to validate the connection.
[0m04:16:41.212976 [debug] [MainThread]: Resource report: {"command_name": "init", "command_success": true, "command_wall_clock_time": 64.94248, "process_in_blocks": "1800", "process_kernel_time": 0.159258, "process_mem_max_rss": "109480", "process_out_blocks": "56", "process_user_time": 0.931663}
[0m04:16:41.213873 [debug] [MainThread]: Command `dbt init` succeeded at 04:16:41.213690 after 64.94 seconds
[0m04:16:41.214445 [debug] [MainThread]: Sending event: {'category': 'dbt', 'action': 'invocation', 'label': 'end', 'context': [<snowplow_tracker.self_describing_json.SelfDescribingJson object at 0x7edbd9f2ad80>, <snowplow_tracker.self_describing_json.SelfDescribingJson object at 0x7edbdaa7a630>, <snowplow_tracker.self_describing_json.SelfDescribingJson object at 0x7edbda1c0a70>]}
[0m04:16:41.214906 [debug] [MainThread]: Flushing usage events
[0m04:16:42.633836 [debug] [MainThread]: An error was encountered while trying to flush usage events
[0m04:16:50.362468 [debug] [MainThread]: Sending event: {'category': 'dbt', 'action': 'invocation', 'label': 'start', 'context': [<snowplow_tracker.self_describing_json.SelfDescribingJson object at 0x75762b72afc0>, <snowplow_tracker.self_describing_json.SelfDescribingJson object at 0x75762ca2c800>, <snowplow_tracker.self_describing_json.SelfDescribingJson object at 0x75762b72a1e0>]}


============================== 04:16:50.366886 | 823e2dc5-0054-4e0a-8cac-9ad109059cb2 ==============================
[0m04:16:50.366886 [info ] [MainThread]: Running with dbt=1.11.11
[0m04:16:50.367660 [debug] [MainThread]: running dbt with arguments {'version_check': 'True', 'write_json': 'True', 'use_colors': 'True', 'cache_selected_only': 'False', 'quiet': 'False', 'no_print': 'None', 'debug': 'False', 'log_cache_events': 'False', 'printer_width': '80', 'static_parser': 'True', 'log_path': 'logs', 'empty': 'None', 'log_format': 'default', 'use_experimental_parser': 'False', 'fail_fast': 'False', 'introspect': 'True', 'partial_parse': 'True', 'profiles_dir': '/usr/app', 'warn_error': 'None', 'send_anonymous_usage_stats': 'True', 'indirect_selection': 'eager', 'target_path': 'None', 'invocation_command': 'dbt debug', 'warn_error_options': 'WarnErrorOptionsV2(error=[], warn=[], silence=[])'}
[0m04:16:50.378035 [info ] [MainThread]: dbt version: 1.11.11
[0m04:16:50.378670 [info ] [MainThread]: python version: 3.12.13
[0m04:16:50.379148 [info ] [MainThread]: python path: /usr/local/bin/python3.12
[0m04:16:50.379647 [info ] [MainThread]: os info: Linux-6.6.114.1-microsoft-standard-WSL2-x86_64-with-glibc2.41
[0m04:16:50.422967 [info ] [MainThread]: Using profiles dir at /usr/app
[0m04:16:50.423861 [info ] [MainThread]: Using profiles.yml file at /usr/app/profiles.yml
[0m04:16:50.424793 [info ] [MainThread]: Using dbt_project.yml file at /usr/app/dbt_project.yml
[0m04:16:50.425571 [info ] [MainThread]: adapter type: postgres
[0m04:16:50.425936 [info ] [MainThread]: adapter version: 1.10.0
[0m04:16:50.426797 [info ] [MainThread]: Configuration:
[0m04:16:50.427500 [info ] [MainThread]:   profiles.yml file [[32mOK found and valid[0m]
[0m04:16:50.427913 [info ] [MainThread]:   dbt_project.yml file [[31mERROR not found[0m]
[0m04:16:50.428468 [info ] [MainThread]: Required dependencies:
[0m04:16:50.428911 [debug] [MainThread]: Executing "git --help"
[0m04:16:50.430548 [info ] [MainThread]:  - git [[31mERROR[0m]

[0m04:16:50.431097 [info ] [MainThread]: Connection:
[0m04:16:50.431642 [info ] [MainThread]:   host: wowwa
[0m04:16:50.432232 [info ] [MainThread]:   port: 5432
[0m04:16:50.432686 [info ] [MainThread]:   user: dbt_user
[0m04:16:50.433118 [info ] [MainThread]:   database: yooo
[0m04:16:50.433534 [info ] [MainThread]:   schema: yo1
[0m04:16:50.433964 [info ] [MainThread]:   connect_timeout: 10
[0m04:16:50.434376 [info ] [MainThread]:   role: None
[0m04:16:50.434754 [info ] [MainThread]:   search_path: None
[0m04:16:50.435147 [info ] [MainThread]:   keepalives_idle: 0
[0m04:16:50.435571 [info ] [MainThread]:   sslmode: None
[0m04:16:50.435960 [info ] [MainThread]:   sslcert: None
[0m04:16:50.436347 [info ] [MainThread]:   sslkey: None
[0m04:16:50.436943 [info ] [MainThread]:   sslrootcert: None
[0m04:16:50.437435 [info ] [MainThread]:   application_name: dbt
[0m04:16:50.437843 [info ] [MainThread]:   retries: 1
[0m04:16:50.438400 [info ] [MainThread]: Registered adapter: postgres=1.10.0
[0m04:16:50.519270 [debug] [MainThread]: Acquiring new postgres connection 'debug'
[0m04:16:50.553556 [debug] [MainThread]: Using postgres connection "debug"
[0m04:16:50.554148 [debug] [MainThread]: On debug: select 1 as id
[0m04:16:50.554506 [debug] [MainThread]: Opening a new connection, currently in state init
[0m04:16:54.557131 [debug] [MainThread]: Postgres adapter: Got a retryable error when attempting to open a postgres connection.
1 attempts remaining. Retrying in 0 seconds.
Error:
could not translate host name "wowwa" to address: No address associated with hostname

[0m04:16:58.379605 [debug] [MainThread]: Postgres adapter: Error running SQL: select 1 as id
[0m04:16:58.380332 [debug] [MainThread]: Postgres adapter: Rolling back transaction.
[0m04:16:58.380943 [debug] [MainThread]: On debug: No close available on handle
[0m04:16:58.381454 [info ] [MainThread]:   Connection test: [[31mERROR[0m]

[0m04:16:58.382066 [info ] [MainThread]: [31m3 checks failed:[0m
[0m04:16:58.382681 [info ] [MainThread]: Project loading failed for the following reason:
 project path </usr/app/dbt_project.yml> not found

[0m04:16:58.383232 [info ] [MainThread]: Error from git --help: Could not find command, ensure it is in the user's PATH: "git"

[0m04:16:58.383694 [info ] [MainThread]: dbt was unable to connect to the specified database.
The database returned the following error:

  >Database Error
  could not translate host name "wowwa" to address: Name or service not known
  

Check your database credentials and try again. For more information, visit:
https://docs.getdbt.com/docs/configure-your-profile


[0m04:16:58.384770 [debug] [MainThread]: Resource report: {"command_name": "debug", "command_success": false, "command_wall_clock_time": 8.0721, "process_in_blocks": "2448", "process_kernel_time": 0.255594, "process_mem_max_rss": "115056", "process_out_blocks": "24", "process_user_time": 1.010398}
[0m04:16:58.385290 [debug] [MainThread]: Command `dbt debug` failed at 04:16:58.385217 after 8.07 seconds
[0m04:16:58.385631 [debug] [MainThread]: Connection 'debug' was properly closed.
[0m04:16:58.385948 [debug] [MainThread]: Sending event: {'category': 'dbt', 'action': 'invocation', 'label': 'end', 'context': [<snowplow_tracker.self_describing_json.SelfDescribingJson object at 0x75762b87f890>, <snowplow_tracker.self_describing_json.SelfDescribingJson object at 0x75762b437530>, <snowplow_tracker.self_describing_json.SelfDescribingJson object at 0x75762c209490>]}
[0m04:16:58.386358 [debug] [MainThread]: Flushing usage events
[0m04:16:59.566153 [debug] [MainThread]: An error was encountered while trying to flush usage events
[0m04:18:31.758162 [debug] [MainThread]: Sending event: {'category': 'dbt', 'action': 'invocation', 'label': 'start', 'context': [<snowplow_tracker.self_describing_json.SelfDescribingJson object at 0x7876404c8fe0>, <snowplow_tracker.self_describing_json.SelfDescribingJson object at 0x78764031e570>, <snowplow_tracker.self_describing_json.SelfDescribingJson object at 0x78763fed8b00>]}


============================== 04:18:31.761356 | 36e04f01-c34a-4fa7-9355-7f80569a3d3f ==============================
[0m04:18:31.761356 [info ] [MainThread]: Running with dbt=1.11.11
[0m04:18:31.762030 [debug] [MainThread]: running dbt with arguments {'quiet': 'False', 'debug': 'False', 'profiles_dir': '/usr/app', 'cache_selected_only': 'False', 'log_cache_events': 'False', 'target_path': 'None', 'partial_parse': 'True', 'use_experimental_parser': 'False', 'use_colors': 'True', 'version_check': 'True', 'invocation_command': 'dbt init', 'fail_fast': 'False', 'warn_error': 'None', 'introspect': 'True', 'no_print': 'None', 'write_json': 'True', 'empty': 'None', 'log_format': 'default', 'send_anonymous_usage_stats': 'True', 'static_parser': 'True', 'indirect_selection': 'eager', 'printer_width': '80', 'log_path': 'logs', 'warn_error_options': 'WarnErrorOptionsV2(error=[], warn=[], silence=[])'}
[0m04:18:37.772011 [debug] [MainThread]: Starter project path: /usr/local/lib/python3.12/site-packages/dbt/include/starter_project
[0m04:18:37.906992 [info ] [MainThread]: 
Your new dbt project "zigga" was created!

For more information on how to configure the profiles.yml file,
please consult the dbt documentation here:

  https://docs.getdbt.com/docs/configure-your-profile

One more thing:

Need help? Don't hesitate to reach out to us via GitHub issues or on Slack:

  https://community.getdbt.com/

Happy modeling!

[0m04:18:37.907550 [info ] [MainThread]: Setting up your profile.
[0m04:19:19.672321 [info ] [MainThread]: Profile zigga written to /usr/app/profiles.yml using target's profile_template.yml and your supplied values. Run 'dbt debug' to validate the connection.
[0m04:19:19.674212 [debug] [MainThread]: Resource report: {"command_name": "init", "command_success": true, "command_wall_clock_time": 47.96934, "process_in_blocks": "0", "process_kernel_time": 0.189715, "process_mem_max_rss": "109236", "process_out_blocks": "0", "process_user_time": 0.90115}
[0m04:19:19.674746 [debug] [MainThread]: Command `dbt init` succeeded at 04:19:19.674666 after 47.97 seconds
[0m04:19:19.675162 [debug] [MainThread]: Sending event: {'category': 'dbt', 'action': 'invocation', 'label': 'end', 'context': [<snowplow_tracker.self_describing_json.SelfDescribingJson object at 0x78763fbd9940>, <snowplow_tracker.self_describing_json.SelfDescribingJson object at 0x78763fbd8c20>, <snowplow_tracker.self_describing_json.SelfDescribingJson object at 0x78763f33adb0>]}
[0m04:19:19.675632 [debug] [MainThread]: Flushing usage events
[0m04:19:21.097980 [debug] [MainThread]: An error was encountered while trying to flush usage events
[0m04:43:52.814570 [debug] [MainThread]: Sending event: {'category': 'dbt', 'action': 'invocation', 'label': 'start', 'context': [<snowplow_tracker.self_describing_json.SelfDescribingJson object at 0x71d24f5c7a40>, <snowplow_tracker.self_describing_json.SelfDescribingJson object at 0x71d24f52b5f0>, <snowplow_tracker.self_describing_json.SelfDescribingJson object at 0x71d24f5c4d10>]}


============================== 04:43:52.822222 | 85916eae-7ffb-4436-8474-7adf59b54da8 ==============================
[0m04:43:52.822222 [info ] [MainThread]: Running with dbt=1.11.11
[0m04:43:52.823046 [debug] [MainThread]: running dbt with arguments {'printer_width': '80', 'warn_error_options': 'WarnErrorOptionsV2(error=[], warn=[], silence=[])', 'version_check': 'True', 'invocation_command': 'dbt docs serve', 'warn_error': 'None', 'write_json': 'True', 'empty': 'None', 'indirect_selection': 'eager', 'partial_parse': 'True', 'fail_fast': 'False', 'profiles_dir': '/usr/app', 'quiet': 'False', 'use_colors': 'True', 'introspect': 'True', 'log_path': 'logs', 'static_parser': 'True', 'send_anonymous_usage_stats': 'True', 'cache_selected_only': 'False', 'debug': 'False', 'use_experimental_parser': 'False', 'no_print': 'None', 'log_cache_events': 'False', 'log_format': 'default', 'target_path': 'None'}
[0m04:43:52.824406 [error] [MainThread]: Encountered an error:
Runtime Error
  No dbt_project.yml found at expected path /usr/app/dbt_project.yml
  Verify that each entry within packages.yml (and their transitive dependencies) contains a file named dbt_project.yml
  
[0m04:43:52.825791 [debug] [MainThread]: Resource report: {"command_name": "serve", "command_success": false, "command_wall_clock_time": 0.05700571, "process_in_blocks": "56872", "process_kernel_time": 0.362852, "process_mem_max_rss": "107296", "process_out_blocks": "4312", "process_user_time": 1.210822}
[0m04:43:52.826438 [debug] [MainThread]: Command `dbt docs serve` failed at 04:43:52.826359 after 0.06 seconds
[0m04:43:52.826883 [debug] [MainThread]: Sending event: {'category': 'dbt', 'action': 'invocation', 'label': 'end', 'context': [<snowplow_tracker.self_describing_json.SelfDescribingJson object at 0x71d24f444a40>, <snowplow_tracker.self_describing_json.SelfDescribingJson object at 0x71d24fb32810>, <snowplow_tracker.self_describing_json.SelfDescribingJson object at 0x71d24fb327b0>]}
[0m04:43:52.827283 [debug] [MainThread]: Flushing usage events
[0m04:43:54.245099 [debug] [MainThread]: An error was encountered while trying to flush usage events
[0m04:46:30.168695 [debug] [MainThread]: Sending event: {'category': 'dbt', 'action': 'invocation', 'label': 'start', 'context': [<snowplow_tracker.self_describing_json.SelfDescribingJson object at 0x78f0622f1370>, <snowplow_tracker.self_describing_json.SelfDescribingJson object at 0x78f0618c7bf0>, <snowplow_tracker.self_describing_json.SelfDescribingJson object at 0x78f061c5f3e0>]}


============================== 04:46:30.172966 | 18d2c7b6-0195-4f77-a387-48804876aa90 ==============================
[0m04:46:30.172966 [info ] [MainThread]: Running with dbt=1.11.11
[0m04:46:30.173755 [debug] [MainThread]: running dbt with arguments {'debug': 'False', 'fail_fast': 'False', 'indirect_selection': 'eager', 'profiles_dir': '/usr/app', 'invocation_command': 'dbt docs serve --host 0.0.0.0', 'use_experimental_parser': 'False', 'introspect': 'True', 'warn_error_options': 'WarnErrorOptionsV2(error=[], warn=[], silence=[])', 'printer_width': '80', 'static_parser': 'True', 'empty': 'None', 'version_check': 'True', 'log_format': 'default', 'partial_parse': 'True', 'warn_error': 'None', 'cache_selected_only': 'False', 'send_anonymous_usage_stats': 'True', 'log_cache_events': 'False', 'log_path': 'logs', 'write_json': 'True', 'no_print': 'None', 'quiet': 'False', 'use_colors': 'True', 'target_path': 'None'}
[0m04:46:30.174604 [error] [MainThread]: Encountered an error:
Runtime Error
  No dbt_project.yml found at expected path /usr/app/dbt_project.yml
  Verify that each entry within packages.yml (and their transitive dependencies) contains a file named dbt_project.yml
  
[0m04:46:30.175872 [debug] [MainThread]: Resource report: {"command_name": "serve", "command_success": false, "command_wall_clock_time": 0.059681877, "process_in_blocks": "55640", "process_kernel_time": 0.306808, "process_mem_max_rss": "103548", "process_out_blocks": "0", "process_user_time": 1.077762}
[0m04:46:30.176560 [debug] [MainThread]: Command `dbt docs serve` failed at 04:46:30.176436 after 0.06 seconds
[0m04:46:30.177119 [debug] [MainThread]: Sending event: {'category': 'dbt', 'action': 'invocation', 'label': 'end', 'context': [<snowplow_tracker.self_describing_json.SelfDescribingJson object at 0x78f0612b0230>, <snowplow_tracker.self_describing_json.SelfDescribingJson object at 0x78f063d11790>, <snowplow_tracker.self_describing_json.SelfDescribingJson object at 0x78f06127d3d0>]}
[0m04:46:30.177692 [debug] [MainThread]: Flushing usage events
[0m04:46:31.332113 [debug] [MainThread]: An error was encountered while trying to flush usage events
[0m04:52:16.262644 [debug] [MainThread]: Sending event: {'category': 'dbt', 'action': 'invocation', 'label': 'start', 'context': [<snowplow_tracker.self_describing_json.SelfDescribingJson object at 0x74b9c4bb0d70>, <snowplow_tracker.self_describing_json.SelfDescribingJson object at 0x74b9c485d3d0>, <snowplow_tracker.self_describing_json.SelfDescribingJson object at 0x74b9c589ae10>]}


============================== 04:52:16.267105 | 7dd048a0-7203-4443-a3fd-986ca3768f8b ==============================
[0m04:52:16.267105 [info ] [MainThread]: Running with dbt=1.11.11
[0m04:52:16.267807 [debug] [MainThread]: running dbt with arguments {'introspect': 'True', 'log_cache_events': 'False', 'fail_fast': 'False', 'warn_error': 'None', 'log_path': 'logs', 'write_json': 'True', 'indirect_selection': 'eager', 'invocation_command': 'dbt docs serve', 'warn_error_options': 'WarnErrorOptionsV2(error=[], warn=[], silence=[])', 'target_path': 'None', 'no_print': 'None', 'empty': 'None', 'quiet': 'False', 'profiles_dir': '/usr/app', 'partial_parse': 'True', 'debug': 'False', 'use_experimental_parser': 'False', 'log_format': 'default', 'use_colors': 'True', 'send_anonymous_usage_stats': 'True', 'version_check': 'True', 'static_parser': 'True', 'cache_selected_only': 'False', 'printer_width': '80'}
[0m04:52:16.268836 [error] [MainThread]: Encountered an error:
Runtime Error
  No dbt_project.yml found at expected path /usr/app/dbt_project.yml
  Verify that each entry within packages.yml (and their transitive dependencies) contains a file named dbt_project.yml
  
[0m04:52:16.270068 [debug] [MainThread]: Resource report: {"command_name": "serve", "command_success": false, "command_wall_clock_time": 0.055816386, "process_in_blocks": "0", "process_kernel_time": 0.171131, "process_mem_max_rss": "103840", "process_out_blocks": "0", "process_user_time": 0.887497}
[0m04:52:16.270727 [debug] [MainThread]: Command `dbt docs serve` failed at 04:52:16.270634 after 0.06 seconds
[0m04:52:16.271154 [debug] [MainThread]: Sending event: {'category': 'dbt', 'action': 'invocation', 'label': 'end', 'context': [<snowplow_tracker.self_describing_json.SelfDescribingJson object at 0x74b9c84fec00>, <snowplow_tracker.self_describing_json.SelfDescribingJson object at 0x74b9c3b683e0>, <snowplow_tracker.self_describing_json.SelfDescribingJson object at 0x74b9c3b3d3d0>]}
[0m04:52:16.271665 [debug] [MainThread]: Flushing usage events
[0m04:52:17.550100 [debug] [MainThread]: An error was encountered while trying to flush usage events
[0m04:56:37.439793 [debug] [MainThread]: Sending event: {'category': 'dbt', 'action': 'invocation', 'label': 'start', 'context': [<snowplow_tracker.self_describing_json.SelfDescribingJson object at 0x7dbc5243d4c0>, <snowplow_tracker.self_describing_json.SelfDescribingJson object at 0x7dbc5347aff0>, <snowplow_tracker.self_describing_json.SelfDescribingJson object at 0x7dbc50f1a990>]}


============================== 04:56:37.444463 | 11bebe06-1ab5-4e16-a300-a0008ceaac30 ==============================
[0m04:56:37.444463 [info ] [MainThread]: Running with dbt=1.11.11
[0m04:56:37.445114 [debug] [MainThread]: running dbt with arguments {'partial_parse': 'True', 'indirect_selection': 'eager', 'use_colors': 'True', 'fail_fast': 'False', 'warn_error': 'None', 'empty': 'None', 'profiles_dir': '/usr/app/zigga', 'static_parser': 'True', 'version_check': 'True', 'introspect': 'True', 'no_print': 'None', 'debug': 'False', 'log_cache_events': 'False', 'log_path': 'logs', 'send_anonymous_usage_stats': 'True', 'cache_selected_only': 'False', 'target_path': 'None', 'invocation_command': 'dbt docs serve --host 0.0.0.0', 'write_json': 'True', 'warn_error_options': 'WarnErrorOptionsV2(error=[], warn=[], silence=[])', 'use_experimental_parser': 'False', 'quiet': 'False', 'log_format': 'default', 'printer_width': '80'}
[0m04:56:37.446103 [error] [MainThread]: Encountered an error:
Runtime Error
  No dbt_project.yml found at expected path /usr/app/dbt_project.yml
  Verify that each entry within packages.yml (and their transitive dependencies) contains a file named dbt_project.yml
  
[0m04:56:37.447051 [debug] [MainThread]: Resource report: {"command_name": "serve", "command_success": false, "command_wall_clock_time": 0.048012916, "process_in_blocks": "0", "process_kernel_time": 0.225023, "process_mem_max_rss": "106756", "process_out_blocks": "4312", "process_user_time": 1.040731}
[0m04:56:37.447543 [debug] [MainThread]: Command `dbt docs serve` failed at 04:56:37.447469 after 0.05 seconds
[0m04:56:37.447875 [debug] [MainThread]: Sending event: {'category': 'dbt', 'action': 'invocation', 'label': 'end', 'context': [<snowplow_tracker.self_describing_json.SelfDescribingJson object at 0x7dbc50986510>, <snowplow_tracker.self_describing_json.SelfDescribingJson object at 0x7dbc550dac90>, <snowplow_tracker.self_describing_json.SelfDescribingJson object at 0x7dbc50f1a990>]}
[0m04:56:37.448230 [debug] [MainThread]: Flushing usage events
[0m04:56:38.685049 [debug] [MainThread]: An error was encountered while trying to flush usage events
